<?xml version="1.0" encoding="utf-8"?><testsuites name="pytest tests"><testsuite name="pytest" errors="0" failures="0" skipped="0" tests="18" time="9.494" timestamp="2026-07-30T22:28:45.888695+00:00" hostname="agent-env-6ff59886-d76c-4ccb-a3d6-e39f7eff6987"><testcase classname="tests.test_banned_patterns.TestBannedPatternsAuth" name="test_auth_required[GET-/api/banned_patterns]" time="0.291" /><testcase classname="tests.test_banned_patterns.TestBannedPatternsAuth" name="test_auth_required[POST-/api/banned_patterns]" time="0.163" /><testcase classname="tests.test_banned_patterns.TestBannedPatternsAuth" name="test_auth_required[GET-/api/banned_patterns/export]" time="0.139" /><testcase classname="tests.test_banned_patterns.TestBannedPatternsCRUD" name="test_create_global_frase_defaults" time="1.110" /><testcase classname="tests.test_banned_patterns.TestBannedPatternsAuth" name="test_auth_required[POST-/api/banned_patterns/import]" time="0.125" /><testcase classname="tests.test_banned_patterns.TestAnalyzeIntegration" name="test_frase_rule_flags_ai_fingerprint_and_increments" time="2.674" /><testcase classname="tests.test_banned_patterns.TestBannedPatternsCRUD" name="test_create_project_scoped_gesto" time="0.582" /><testcase classname="tests.test_banned_patterns.TestBannedPatternsCRUD" name="test_invalid_tipo_400" time="0.263" /><testcase classname="tests.test_banned_patterns.TestBannedPatternsCRUD" name="test_list_global_only_when_no_project_id" time="1.325" /><testcase classname="tests.test_banned_patterns.TestBannedPatternsCRUD" name="test_update_rule" time="0.700" /><testcase classname="tests.test_banned_patterns.TestAnalyzeIntegration" name="test_gesto_rule_flags_only_excess_over_cooldown" time="2.002" /><testcase classname="tests.test_banned_patterns.TestBannedPatternsCRUD" name="test_delete_rule_and_404_on_second_delete" time="0.474" /><testcase classname="tests.test_banned_patterns.TestImportExport" name="test_import_multi_line" time="0.876" /><testcase classname="tests.test_banned_patterns.TestImportExport" name="test_import_invalid_tipo" time="0.155" /><testcase classname="tests.test_banned_patterns.TestAnalyzeIntegration" name="test_descritor_rule_flags_only_excess" time="1.938" /><testcase classname="tests.test_banned_patterns.TestImportExport" name="test_export_returns_plain_text" time="0.532" /><testcase classname="tests.test_banned_patterns.TestRLS" name="test_user_b_cannot_touch_user_a_rule" time="1.222" /><testcase classname="tests.test_banned_patterns.TestAnalyzeIntegration" name="test_regression_no_custom_rules_still_returns_8_checks" time="1.532" /></testsuite></testsuites>