<?xml version="1.0" encoding="utf-8"?><testsuites name="pytest tests"><testsuite name="pytest" errors="0" failures="0" skipped="0" tests="5" time="6.101" timestamp="2026-07-30T22:44:40.158880+00:00" hostname="agent-env-6ff59886-d76c-4ccb-a3d6-e39f7eff6987"><testcase classname="tests.test_ai_ping" name="test_root_still_online" time="3.315" /><testcase classname="tests.test_ai_ping" name="test_wallet_still_works" time="0.721" /><testcase classname="tests.test_ai_ping" name="test_ai_ping_requires_auth" time="0.111" /><testcase classname="tests.test_ai_ping" name="test_ai_ping_returns_real_claude_response" time="1.422" /><testcase classname="tests.test_ai_ping" name="test_claude_client_reads_from_env" time="0.000" /></testsuite></testsuites>