<?xml version="1.0" encoding="utf-8"?><testsuites name="pytest tests"><testsuite name="pytest" errors="0" failures="1" skipped="0" tests="10" time="25.462" timestamp="2026-07-30T23:03:34.386282+00:00" hostname="agent-env-6ff59886-d76c-4ccb-a3d6-e39f7eff6987"><testcase classname="tests.test_critical_reading.TestAuthGuard" name="test_401_without_token" time="0.292" /><testcase classname="tests.test_critical_reading.TestInsufficientBalance" name="test_402_response_and_no_side_effects" time="2.229"><failure message="AssertionError: test setup wrong: needed=1, balance=3.0&#10;assert 1 &gt; 3.0">tests/test_critical_reading.py:250: in test_402_response_and_no_side_effects
    assert expected_needed &gt; current_balance, (
E   AssertionError: test setup wrong: needed=1, balance=3.0
E   assert 1 &gt; 3.0</failure></testcase><testcase classname="tests.test_critical_reading.TestCriticalReadingFlow" name="test_01_setup_chapter_and_analyze" time="2.752" /><testcase classname="tests.test_critical_reading.TestOwnershipCriticalReading" name="test_other_user_cannot_run_critical_reading" time="1.801" /><testcase classname="tests.test_critical_reading.TestCriticalReadingFlow" name="test_02_run_critical_reading_success" time="20.612" /><testcase classname="tests.test_critical_reading.TestCriticalReadingFlow" name="test_03_findings_contextual_to_scene" time="0.001" /><testcase classname="tests.test_critical_reading.TestCriticalReadingFlow" name="test_04_wallet_debited_exactly" time="0.227" /><testcase classname="tests.test_critical_reading.TestCriticalReadingFlow" name="test_05_credit_transaction_row_added" time="0.224" /><testcase classname="tests.test_critical_reading.TestCriticalReadingFlow" name="test_06_analysis_run_persisted_state" time="0.272" /><testcase classname="tests.test_critical_reading.TestCriticalReadingFlow" name="test_07_idempotency_second_call_no_recharge" time="0.853" /></testsuite></testsuites>