<?xml version="1.0" encoding="utf-8"?><testsuites name="pytest tests"><testsuite name="pytest" errors="0" failures="0" skipped="0" tests="15" time="5.625" timestamp="2026-07-30T19:58:48.724109+00:00" hostname="agent-env-6ff59886-d76c-4ccb-a3d6-e39f7eff6987"><testcase classname="tests.backend_test.TestRootAndAuth" name="test_root_online" time="0.296" /><testcase classname="tests.backend_test.TestRootAndAuth" name="test_auth_required[/api/me]" time="0.118" /><testcase classname="tests.backend_test.TestProjects" name="test_create_project" time="0.845" /><testcase classname="tests.backend_test.TestRootAndAuth" name="test_auth_required[/api/wallet]" time="0.125" /><testcase classname="tests.backend_test.TestRootAndAuth" name="test_auth_required[/api/wallet/transactions]" time="0.177" /><testcase classname="tests.backend_test.TestRootAndAuth" name="test_auth_required[/api/projects]" time="0.194" /><testcase classname="tests.backend_test.TestProjects" name="test_list_projects_contains_created" time="0.207" /><testcase classname="tests.backend_test.TestProjects" name="test_get_project_persisted" time="0.240" /><testcase classname="tests.backend_test.TestRootAndAuth" name="test_me" time="0.314" /><testcase classname="tests.backend_test.TestWallet" name="test_wallet_balance" time="0.202" /><testcase classname="tests.backend_test.TestProjects" name="test_update_project" time="0.684" /><testcase classname="tests.backend_test.TestWallet" name="test_wallet_transactions_has_bonus" time="0.210" /><testcase classname="tests.backend_test.TestChapterAnalysisFlow" name="test_full_flow" time="2.864" /><testcase classname="tests.backend_test.TestProjects" name="test_delete_nonexistent_project_404" time="0.368" /><testcase classname="tests.backend_test.TestOwnershipBoundary" name="test_user_b_cannot_read_user_a_data" time="2.666" /></testsuite></testsuites>