<?xml version="1.0" encoding="utf-8"?><testsuites name="pytest tests"><testsuite name="pytest" errors="0" failures="0" skipped="0" tests="11" time="11.694" timestamp="2026-08-04T22:48:46.845085+00:00" hostname="agent-env-6ff59886-d76c-4ccb-a3d6-e39f7eff6987"><testcase classname="tests.test_payments.TestWebhookSecurity" name="test_webhook_missing_signature_returns_400" time="0.433" /><testcase classname="tests.test_payments.TestWebhookSecurity" name="test_webhook_invalid_signature_returns_400" time="0.444" /><testcase classname="tests.test_payments.TestCheckoutEndpoint" name="test_checkout_valid_pacote_creates_session" time="3.518" /><testcase classname="tests.test_payments.TestWebhookSecurity" name="test_webhook_does_not_credit_on_invalid_sig" time="3.442" /><testcase classname="tests.test_payments.TestCheckoutEndpoint" name="test_checkout_invalid_pacote_returns_400" time="0.599" /><testcase classname="tests.test_payments.TestCheckoutEndpoint" name="test_checkout_invalid_pacote_no_side_effects" time="0.299" /><testcase classname="tests.test_payments.TestPackagesEndpoint" name="test_packages_requires_auth" time="0.442" /><testcase classname="tests.test_payments.TestCheckoutEndpoint" name="test_checkout_requires_auth" time="0.395" /><testcase classname="tests.test_payments.TestStatusEndpoint" name="test_status_nonexistent_session_404" time="0.400" /><testcase classname="tests.test_payments.TestPackagesEndpoint" name="test_packages_returns_3_fixed_packages" time="0.400" /><testcase classname="tests.test_payments.TestStatusEndpoint" name="test_cross_user_security" time="3.897" /></testsuite></testsuites>